<?xml version="1.0" encoding="UTF-8"?>
<!-- Generated by org.testng.reporters.JUnitXMLReporter -->
<testsuite hostname="LAPTOP-H15N5TDF" ignored="4" name="Test runner1" tests="2" failures="0" timestamp="03 Mar 2022 06:50:40 GMT" time="32.024" errors="0">
  <testcase name="@BeforeMethod login" time="0.002" classname="com.crm.GenericLibrary.BaseClass">
    <failure type="java.lang.NullPointerException">
      <![CDATA[java.lang.NullPointerException
at org.openqa.selenium.support.pagefactory.DefaultElementLocator.findElement(DefaultElementLocator.java:69)
at org.openqa.selenium.support.pagefactory.internal.LocatingElementHandler.invoke(LocatingElementHandler.java:38)
at com.sun.proxy.$Proxy13.sendKeys(Unknown Source)
at com.crm.ObjectRepository.LoginPage.logintoApp(LoginPage.java:50)
at com.crm.GenericLibrary.BaseClass.login(BaseClass.java:72)
at java.util.concurrent.FutureTask.run(FutureTask.java:266)
at java.util.concurrent.ThreadPoolExecutor.runWorker(ThreadPoolExecutor.java:1149)
at java.util.concurrent.ThreadPoolExecutor$Worker.run(ThreadPoolExecutor.java:624)
at java.lang.Thread.run(Thread.java:748)
... Removed 19 stack frames]]>
    </failure>
  </testcase> <!-- @BeforeMethod login -->
  <testcase name="@AfterMethod logout" time="0.0" classname="com.crm.GenericLibrary.BaseClass">
    <skipped/>
  </testcase> <!-- @AfterMethod logout -->
  <testcase name="createOrgTest" time="14.73" classname="com.crm.Organisations.CraeteOrgainsationWithTypeDropDownTest"/>
  <testcase name="createOrganisationTest" time="0.0" classname="com.crm.Organisations.CreateOrganisationTest">
    <skipped/>
  </testcase> <!-- createOrganisationTest -->
  <testcase name="@BeforeSuite connectToDB" time="0.0" classname="com.crm.GenericLibrary.BaseClass">
    <ignored/>
  </testcase> <!-- @BeforeSuite connectToDB -->
  <testcase name="@AfterSuite closeDb" time="0.0" classname="com.crm.GenericLibrary.BaseClass">
    <ignored/>
  </testcase> <!-- @AfterSuite closeDb -->
  <testcase name="@AfterTest closebrowser" time="0.0" classname="com.crm.GenericLibrary.BaseClass">
    <ignored/>
  </testcase> <!-- @AfterTest closebrowser -->
  <testcase name="@BeforeTest launchtheBrowser" time="0.0" classname="com.crm.GenericLibrary.BaseClass">
    <ignored/>
  </testcase> <!-- @BeforeTest launchtheBrowser -->
</testsuite> <!-- Test runner1 -->
